<?xml version="1.0" encoding="UTF-8"?>
<!-- Generated by org.testng.reporters.JUnitXMLReporter -->
<testsuite ignored="0" hostname="DESKTOP-28Q8O5U" failures="0" tests="3" name="Test" time="9.492" errors="0" timestamp="2023-05-23T19:19:06 IST">
  <testcase classname="Test_Class_Package.Post_TC_1" name="execute" time="7.02"/>
  <testcase classname="Test_Class_Package.Post_TC_2" name="execute" time="1.175"/>
  <testcase classname="Test_Class_Package.Post_TC_3" name="execute" time="1.007"/>
</testsuite> <!-- Test -->
