<?xml version="1.0" encoding="UTF-8"?>
<testng-results ignored="0" total="3" passed="3" failed="0" skipped="0">
  <reporter-output>
  </reporter-output>
  <suite started-at="2023-05-23T19:18:56 IST" name="Suite" finished-at="2023-05-23T19:19:06 IST" duration-ms="9492">
    <groups>
    </groups>
    <test started-at="2023-05-23T19:18:56 IST" name="Test" finished-at="2023-05-23T19:19:06 IST" duration-ms="9492">
      <class name="Test_Class_Package.Post_TC_2">
        <test-method signature="execute()[pri:0, instance:Test_Class_Package.Post_TC_2@301eda63]" started-at="2023-05-23T19:19:04 IST" name="execute" finished-at="2023-05-23T19:19:05 IST" duration-ms="1175" status="PASS">
          <reporter-output>
          </reporter-output>
        </test-method> <!-- execute -->
      </class> <!-- Test_Class_Package.Post_TC_2 -->
      <class name="Test_Class_Package.Post_TC_1">
        <test-method signature="execute()[pri:0, instance:Test_Class_Package.Post_TC_1@573906eb]" started-at="2023-05-23T19:18:57 IST" name="execute" finished-at="2023-05-23T19:19:04 IST" duration-ms="7020" status="PASS">
          <reporter-output>
          </reporter-output>
        </test-method> <!-- execute -->
      </class> <!-- Test_Class_Package.Post_TC_1 -->
      <class name="Test_Class_Package.Post_TC_3">
        <test-method signature="execute()[pri:0, instance:Test_Class_Package.Post_TC_3@3d246ea3]" started-at="2023-05-23T19:19:05 IST" name="execute" finished-at="2023-05-23T19:19:06 IST" duration-ms="1007" status="PASS">
          <reporter-output>
          </reporter-output>
        </test-method> <!-- execute -->
      </class> <!-- Test_Class_Package.Post_TC_3 -->
    </test> <!-- Test -->
  </suite> <!-- Suite -->
</testng-results>
